android/app/build/outputs/logs/manifest-merger-debug-report.txt
-- Merging decision tree log ---
manifest
ADDED from src\main\AndroidManifest.xml:2:1-380:12
INJECTED from src\main\AndroidManifest.xml:2:1-380:12
INJECTED from src\main\AndroidManifest.xml:2:1-380:12
INJECTED from src\main\AndroidManifest.xml:2:1-380:12
MERGED from [host.exp.exponent:expoview:34.0.0] AndroidManifest.xml:2:1-100:12
MERGED from [org.webkit:android-jsc:r245459] AndroidManifest.xml:2:1-11:12
MERGED from [:react-native-svg] AndroidManifest.xml:2:1-9:12
MERGED from [:react-native-bluetooth-serial] AndroidManifest.xml:2:1-14:12
MERGED from [com.facebook.react:react-native:34.0.0] AndroidManifest.xml:2:1-13:12
MERGED from [:unimodules-react-native-adapter] AndroidManifest.xml:2:1-11:12
MERGED from [:expo-app-loader-provider] AndroidManifest.xml:2:1-11:12
MERGED from [:expo-constants] AndroidManifest.xml:2:1-11:12
MERGED from [:expo-file-system] AndroidManifest.xml:2:1-30:12
MERGED from [:expo-font] AndroidManifest.xml:2:1-11:12
MERGED from [:expo-intent-launcher] AndroidManifest.xml:2:1-11:12
MERGED from [:expo-keep-awake] AndroidManifest.xml:2:1-11:12
MERGED from [:expo-linear-gradient] AndroidManifest.xml:2:1-11:12
MERGED from [:expo-location] AndroidManifest.xml:2:1-21:12
MERGED from [:expo-permissions] AndroidManifest.xml:2:1-11:12
MERGED from [:expo-sqlite] AndroidManifest.xml:2:1-11:12
MERGED from [:expo-web-browser] AndroidManifest.xml:2:1-11:12
MERGED from [:unimodules-barcode-scanner-interface] AndroidManifest.xml:2:1-11:12
MERGED from [:unimodules-camera-interface] AndroidManifest.xml:2:1-11:12
MERGED from [:unimodules-constants-interface] AndroidManifest.xml:2:1-11:12
MERGED from [:unimodules-face-detector-interface] AndroidManifest.xml:2:1-11:12
MERGED from [:unimodules-file-system-interface] AndroidManifest.xml:2:1-11:12
MERGED from [:unimodules-font-interface] AndroidManifest.xml:2:1-11:12
MERGED from [:unimodules-permissions-interface] AndroidManifest.xml:2:1-11:12
MERGED from [:unimodules-task-manager-interface] AndroidManifest.xml:2:1-11:12
MERGED from [:unimodules-core] AndroidManifest.xml:2:1-11:12
MERGED from [:unimodules-image-loader-interface] AndroidManifest.xml:2:1-11:12
MERGED from [:unimodules-sensors-interface] AndroidManifest.xml:2:1-11:12
MERGED from [com.squareup.leakcanary:leakcanary-android-no-op:1.4-beta1] AndroidManifest.xml:17:1-24:12
MERGED from [:react-native-gesture-handler] AndroidManifest.xml:2:1-11:12
MERGED from [com.android.support:multidex:1.0.3] AndroidManifest.xml:17:1-22:12
MERGED from [com.theartofdev.edmodo:android-image-cropper:2.7.0] AndroidManifest.xml:2:1-11:12
MERGED from [com.airbnb.android:lottie:2.5.6] AndroidManifest.xml:2:1-13:12
MERGED from [com.facebook.android:facebook-android-sdk:5.0.1] AndroidManifest.xml:21:1-31:12
MERGED from [com.facebook.android:facebook-login:5.0.1] AndroidManifest.xml:21:1-31:12
MERGED from [com.facebook.android:facebook-share:5.0.1] AndroidManifest.xml:21:1-31:12
MERGED from [com.facebook.android:facebook-common:5.0.1] AndroidManifest.xml:21:1-37:12
MERGED from [com.android.support:design:28.0.0] AndroidManifest.xml:17:1-24:12
MERGED from [com.android.support:appcompat-v7:28.0.0] AndroidManifest.xml:17:1-22:12
MERGED from [com.facebook.android:audience-network-sdk:5.1.1] AndroidManifest.xml:2:1-34:12
MERGED from [com.jakewharton:butterknife:9.0.0] AndroidManifest.xml:2:1-7:12
MERGED from [com.google.android.gms:play-services-gcm:16.1.0] AndroidManifest.xml:17:1-28:12
MERGED from [com.google.android.gms:play-services-analytics:16.0.8] AndroidManifest.xml:17:1-47:12
MERGED from [com.google.android.gms:play-services-wallet:16.0.1] AndroidManifest.xml:17:1-22:12
MERGED from [com.google.android.gms:play-services-maps:16.1.0] AndroidManifest.xml:17:1-38:12
MERGED from [com.google.android.gms:play-services-auth:16.0.1] AndroidManifest.xml:17:1-39:12
MERGED from [com.google.android.gms:play-services-fitness:16.0.1] AndroidManifest.xml:17:1-24:12
MERGED from [com.google.android.gms:play-services-location:16.0.0] AndroidManifest.xml:2:1-9:12
MERGED from [com.google.android.gms:play-services-ads:15.0.1] AndroidManifest.xml:17:1-25:12
MERGED from [com.raizlabs.android:DBFlow:2.2.1] AndroidManifest.xml:2:1-13:12
MERGED from [me.leolin:ShortcutBadger:1.1.4] AndroidManifest.xml:2:1-35:12
MERGED from [net.openid:appauth:0.7.1] AndroidManifest.xml:15:1-46:12
MERGED from [io.nlopez.smartlocation:library:3.2.11] AndroidManifest.xml:2:1-30:12
MERGED from [com.android.support:exifinterface:28.0.0] AndroidManifest.xml:17:1-22:12
MERGED from [com.facebook.fresco:imagepipeline-okhttp3:1.10.0] AndroidManifest.xml:2:1-9:12
MERGED from [com.facebook.fresco:fresco:1.10.0] AndroidManifest.xml:2:1-9:12
MERGED from [com.facebook.fresco:animated-gif:1.10.0] AndroidManifest.xml:2:1-9:12
MERGED from [com.facebook.fresco:animated-webp:1.10.0] AndroidManifest.xml:2:1-9:12
MERGED from [com.facebook.fresco:webpsupport:1.10.0] AndroidManifest.xml:2:1-9:12
MERGED from [com.facebook.fresco:animated-base:1.10.0] AndroidManifest.xml:2:1-9:12
MERGED from [com.facebook.fresco:animated-drawable:1.10.0] AndroidManifest.xml:2:1-9:12
MERGED from [com.facebook.fresco:drawee:1.10.0] AndroidManifest.xml:2:1-9:12
MERGED from [com.facebook.fresco:imagepipeline:1.10.0] AndroidManifest.xml:2:1-9:12
MERGED from [com.facebook.fresco:imagepipeline-base:1.10.0] AndroidManifest.xml:2:1-9:12
MERGED from [com.facebook.soloader:soloader:0.6.0] AndroidManifest.xml:2:1-13:12
MERGED from [com.github.bumptech.glide:glide:4.9.0] AndroidManifest.xml:2:1-12:12
MERGED from [com.android.support:customtabs:28.0.0] AndroidManifest.xml:17:1-22:12
MERGED from [com.google.android.gms:play-services-ads-lite:15.0.1] AndroidManifest.xml:17:1-36:12
MERGED from [com.google.android.gms:play-services-gass:15.0.1] AndroidManifest.xml:2:1-9:12
MERGED from [com.google.firebase:firebase-messaging:18.0.0] AndroidManifest.xml:17:1-37:12
MERGED from [com.google.android.gms:play-services-iid:16.0.1] AndroidManifest.xml:17:1-28:12
MERGED from [com.google.android.gms:play-services-tagmanager-v4-impl:16.0.8] AndroidManifest.xml:17:1-24:12
MERGED from [com.google.android.gms:play-services-analytics-impl:16.0.8] AndroidManifest.xml:17:1-31:12
MERGED from [com.google.android.gms:play-services-auth-api-phone:16.0.0] AndroidManifest.xml:2:1-7:12
MERGED from [com.google.android.gms:play-services-auth-base:16.0.0] AndroidManifest.xml:2:1-7:12
MERGED from [com.google.android.gms:play-services-identity:16.0.0] AndroidManifest.xml:17:1-24:12
MERGED from [com.google.firebase:firebase-core:16.0.9] AndroidManifest.xml:2:1-9:12
MERGED from [com.google.firebase:firebase-analytics:16.5.0] AndroidManifest.xml:2:1-9:12
MERGED from [com.google.android.gms:play-services-measurement-api:16.5.0] AndroidManifest.xml:17:1-36:12
MERGED from [com.google.firebase:firebase-iid:18.0.0] AndroidManifest.xml:17:1-47:12
MERGED from [com.google.firebase:firebase-iid-interop:16.0.1] AndroidManifest.xml:2:1-10:12
MERGED from [com.google.android.gms:play-services-base:16.0.1] AndroidManifest.xml:17:1-29:12
MERGED from [com.google.android.gms:play-services-places-placereport:16.0.0] AndroidManifest.xml:17:1-24:12
MERGED from [com.google.firebase:firebase-common:17.0.0] AndroidManifest.xml:2:1-19:12
MERGED from [com.google.android.gms:play-services-tasks:16.0.1] AndroidManifest.xml:2:1-9:12
MERGED from [com.google.android.gms:play-services-measurement:16.5.0] AndroidManifest.xml:17:1-55:12
MERGED from [com.google.android.gms:play-services-measurement-sdk:16.5.0] AndroidManifest.xml:17:1-25:12
MERGED from [com.google.android.gms:play-services-measurement-impl:16.5.0] AndroidManifest.xml:17:1-40:12
MERGED from [com.google.android.gms:play-services-stats:16.0.1] AndroidManifest.xml:2:1-9:12
MERGED from [com.google.firebase:firebase-measurement-connector:17.0.1] AndroidManifest.xml:17:1-25:12
MERGED from [com.google.android.gms:play-services-ads-identifier:16.0.0] AndroidManifest.xml:17:1-24:12
MERGED from [com.google.android.gms:play-services-measurement-sdk-api:16.5.0] AndroidManifest.xml:17:1-40:12
MERGED from [com.google.android.gms:play-services-measurement-base:16.5.0] AndroidManifest.xml:2:1-9:12
MERGED from [com.google.android.gms:play-services-basement:16.2.0] AndroidManifest.xml:17:1-28:12
MERGED from [com.android.support:support-v4:28.0.0] AndroidManifest.xml:17:1-22:12
MERGED from [com.android.support:support-fragment:28.0.0] AndroidManifest.xml:17:1-22:12
MERGED from [com.facebook.android:facebook-places:5.0.1] AndroidManifest.xml:21:1-31:12
MERGED from [com.facebook.android:facebook-applinks:5.0.1] AndroidManifest.xml:21:1-31:12
MERGED from [com.facebook.android:facebook-messenger:5.0.1] AndroidManifest.xml:21:1-31:12
MERGED from [com.facebook.android:facebook-core:5.0.1] AndroidManifest.xml:21:1-61:12
MERGED from [com.google.android.exoplayer:exoplayer-dash:r2.4.2] AndroidManifest.xml:17:1-25:12
MERGED from [com.android.support:animated-vector-drawable:28.0.0] AndroidManifest.xml:17:1-22:12
MERGED from [com.android.support:recyclerview-v7:28.0.0] AndroidManifest.xml:17:1-22:12
MERGED from [com.android.support:support-core-ui:28.0.0] AndroidManifest.xml:17:1-22:12
MERGED from [com.android.support:support-core-utils:28.0.0] AndroidManifest.xml:17:1-22:12
MERGED from [com.android.support:support-vector-drawable:28.0.0] AndroidManifest.xml:17:1-22:12
MERGED from [com.jakewharton:butterknife-runtime:9.0.0] AndroidManifest.xml:2:1-7:12
MERGED from [com.android.support:support-media-compat:28.0.0] AndroidManifest.xml:17:1-22:12
MERGED from [com.android.support:loader:28.0.0] AndroidManifest.xml:17:1-22:12
MERGED from [com.android.support:transition:28.0.0] AndroidManifest.xml:17:1-22:12
MERGED from [com.android.support:viewpager:28.0.0] AndroidManifest.xml:17:1-22:12
MERGED from [com.android.support:coordinatorlayout:28.0.0] AndroidManifest.xml:17:1-22:12
MERGED from [com.android.support:drawerlayout:28.0.0] AndroidManifest.xml:17:1-22:12
MERGED from [com.android.support:slidingpanelayout:28.0.0] AndroidManifest.xml:17:1-22:12
MERGED from [com.android.support:customview:28.0.0] AndroidManifest.xml:17:1-22:12
MERGED from [com.android.support:swiperefreshlayout:28.0.0] AndroidManifest.xml:17:1-22:12
MERGED from [com.android.support:asynclayoutinflater:28.0.0] AndroidManifest.xml:17:1-22:12
MERGED from [com.android.support:support-compat:28.0.0] AndroidManifest.xml:17:1-24:12
MERGED from [com.android.support:versionedparcelable:28.0.0] AndroidManifest.xml:17:1-25:12
MERGED from [com.android.support:cursoradapter:28.0.0] AndroidManifest.xml:17:1-22:12
MERGED from [com.google.android.exoplayer:extension-okhttp:2.9.2] AndroidManifest.xml:17:1-24:12
MERGED from [com.github.bumptech.glide:gifdecoder:4.9.0] AndroidManifest.xml:2:1-11:12
MERGED from [com.android.support:interpolator:28.0.0] AndroidManifest.xml:17:1-22:12
MERGED from [android.arch.lifecycle:runtime:1.1.1] AndroidManifest.xml:17:1-22:12
MERGED from [com.android.support:documentfile:28.0.0] AndroidManifest.xml:17:1-22:12
MERGED from [com.android.support:localbroadcastmanager:28.0.0] AndroidManifest.xml:17:1-22:12
MERGED from [com.android.support:print:28.0.0] AndroidManifest.xml:17:1-22:12
MERGED from [android.arch.lifecycle:viewmodel:1.1.1] AndroidManifest.xml:17:1-22:12
MERGED from [com.android.support:cardview-v7:28.0.0] AndroidManifest.xml:17:1-22:12
MERGED from [com.google.android.exoplayer:exoplayer-core:2.9.2] AndroidManifest.xml:17:1-26:12
MERGED from [android.arch.lifecycle:livedata:1.1.1] AndroidManifest.xml:17:1-22:12
MERGED from [android.arch.lifecycle:livedata-core:1.1.1] AndroidManifest.xml:17:1-22:12
MERGED from [android.arch.core:runtime:1.1.1] AndroidManifest.xml:17:1-22:12
MERGED from [com.google.android.gms:play-services-ads-base:15.0.1] AndroidManifest.xml:17:1-24:12
MERGED from [com.crashlytics.sdk.android:crashlytics:2.5.5] AndroidManifest.xml:2:1-13:12
MERGED from [com.google.maps.android:android-maps-utils:0.5] AndroidManifest.xml:2:1-13:12
MERGED from [com.facebook.fresco:fbcore:1.10.0] AndroidManifest.xml:2:1-9:12
MERGED from [com.crashlytics.sdk.android:crashlytics-core:2.3.8] AndroidManifest.xml:2:1-13:12
MERGED from [com.crashlytics.sdk.android:answers:1.3.6] AndroidManifest.xml:2:1-13:12
MERGED from [io.fabric.sdk.android:fabric:1.3.10] AndroidManifest.xml:18:1-29:12
MERGED from [com.crashlytics.sdk.android:beta:1.1.4] AndroidManifest.xml:2:1-13:12
INJECTED from src\main\AndroidManifest.xml:2:1-380:12
INJECTED from src\main\AndroidManifest.xml:2:1-380:12
INJECTED from src\main\AndroidManifest.xml:2:1-380:12
	package
		ADDED from src\main\AndroidManifest.xml:4:5-32
		INJECTED from src\main\AndroidManifest.xml
		INJECTED from src\main\AndroidManifest.xml
	android:versionName
		INJECTED from src\main\AndroidManifest.xml
		ADDED from src\main\AndroidManifest.xml:2:1-380:12
		INJECTED from src\main\AndroidManifest.xml
	xmlns:tools
		ADDED from src\main\AndroidManifest.xml:3:5-51
	android:versionCode
		INJECTED from src\main\AndroidManifest.xml
		ADDED from src\main\AndroidManifest.xml:2:1-380:12
		INJECTED from src\main\AndroidManifest.xml
	xmlns:android
		ADDED from src\main\AndroidManifest.xml:2:11-69
application
ADDED from src\main\AndroidManifest.xml:6:5-329:19
MERGED from [host.exp.exponent:expoview:34.0.0] AndroidManifest.xml:71:5-98:19
MERGED from [host.exp.exponent:expoview:34.0.0] AndroidManifest.xml:71:5-98:19
MERGED from [com.facebook.react:react-native:34.0.0] AndroidManifest.xml:11:5-20
MERGED from [com.facebook.react:react-native:34.0.0] AndroidManifest.xml:11:5-20
MERGED from [:expo-file-system] AndroidManifest.xml:17:5-28:19
MERGED from [:expo-file-system] AndroidManifest.xml:17:5-28:19
MERGED from [:expo-location] AndroidManifest.xml:15:5-19:19
MERGED from [:expo-location] AndroidManifest.xml:15:5-19:19
MERGED from [com.airbnb.android:lottie:2.5.6] AndroidManifest.xml:11:5-20
MERGED from [com.airbnb.android:lottie:2.5.6] AndroidManifest.xml:11:5-20
MERGED from [com.facebook.android:facebook-android-sdk:5.0.1] AndroidManifest.xml:28:5-29:19
MERGED from [com.facebook.android:facebook-android-sdk:5.0.1] AndroidManifest.xml:28:5-29:19
MERGED from [com.facebook.android:facebook-login:5.0.1] AndroidManifest.xml:28:5-29:19
MERGED from [com.facebook.android:facebook-login:5.0.1] AndroidManifest.xml:28:5-29:19
MERGED from [com.facebook.android:facebook-share:5.0.1] AndroidManifest.xml:28:5-29:19
MERGED from [com.facebook.android:facebook-share:5.0.1] AndroidManifest.xml:28:5-29:19
MERGED from [com.facebook.android:facebook-common:5.0.1] AndroidManifest.xml:28:5-35:19
MERGED from [com.facebook.android:facebook-common:5.0.1] AndroidManifest.xml:28:5-35:19
MERGED from [com.android.support:design:28.0.0] AndroidManifest.xml:22:5-20
MERGED from [com.android.support:design:28.0.0] AndroidManifest.xml:22:5-20
MERGED from [com.facebook.android:audience-network-sdk:5.1.1] AndroidManifest.xml:14:5-32:19
MERGED from [com.facebook.android:audience-network-sdk:5.1.1] AndroidManifest.xml:14:5-32:19
MERGED from [com.google.android.gms:play-services-gcm:16.1.0] AndroidManifest.xml:26:5-20
MERGED from [com.google.android.gms:play-services-gcm:16.1.0] AndroidManifest.xml:26:5-20
MERGED from [com.google.android.gms:play-services-analytics:16.0.8] AndroidManifest.xml:29:5-45:19
MERGED from [com.google.android.gms:play-services-analytics:16.0.8] AndroidManifest.xml:29:5-45:19
MERGED from [com.google.android.gms:play-services-maps:16.1.0] AndroidManifest.xml:30:5-36:19
MERGED from [com.google.android.gms:play-services-maps:16.1.0] AndroidManifest.xml:30:5-36:19
MERGED from [com.google.android.gms:play-services-auth:16.0.1] AndroidManifest.xml:22:5-37:19
MERGED from [com.google.android.gms:play-services-auth:16.0.1] AndroidManifest.xml:22:5-37:19
MERGED from [com.google.android.gms:play-services-fitness:16.0.1] AndroidManifest.xml:22:5-20
MERGED from [com.google.android.gms:play-services-fitness:16.0.1] AndroidManifest.xml:22:5-20
MERGED from [com.google.android.gms:play-services-location:16.0.0] AndroidManifest.xml:7:5-20
MERGED from [com.google.android.gms:play-services-location:16.0.0] AndroidManifest.xml:7:5-20
MERGED from [com.raizlabs.android:DBFlow:2.2.1] AndroidManifest.xml:11:5-20
MERGED from [com.raizlabs.android:DBFlow:2.2.1] AndroidManifest.xml:11:5-20
MERGED from [net.openid:appauth:0.7.1] AndroidManifest.xml:26:5-44:19
MERGED from [net.openid:appauth:0.7.1] AndroidManifest.xml:26:5-44:19
MERGED from [io.nlopez.smartlocation:library:3.2.11] AndroidManifest.xml:18:5-28:19
MERGED from [io.nlopez.smartlocation:library:3.2.11] AndroidManifest.xml:18:5-28:19
MERGED from [com.facebook.soloader:soloader:0.6.0] AndroidManifest.xml:11:5-20
MERGED from [com.facebook.soloader:soloader:0.6.0] AndroidManifest.xml:11:5-20
MERGED from [com.github.bumptech.glide:glide:4.9.0] AndroidManifest.xml:10:5-20
MERGED from [com.github.bumptech.glide:glide:4.9.0] AndroidManifest.xml:10:5-20
MERGED from [com.google.android.gms:play-services-ads-lite:15.0.1] AndroidManifest.xml:26:5-34:19
MERGED from [com.google.android.gms:play-services-ads-lite:15.0.1] AndroidManifest.xml:26:5-34:19
MERGED from [com.google.android.gms:play-services-gass:15.0.1] AndroidManifest.xml:7:5-20
MERGED from [com.google.android.gms:play-services-gass:15.0.1] AndroidManifest.xml:7:5-20
MERGED from [com.google.firebase:firebase-messaging:18.0.0] AndroidManifest.xml:22:5-35:19
MERGED from [com.google.firebase:firebase-messaging:18.0.0] AndroidManifest.xml:22:5-35:19
MERGED from [com.google.android.gms:play-services-iid:16.0.1] AndroidManifest.xml:26:5-20
MERGED from [com.google.android.gms:play-services-iid:16.0.1] AndroidManifest.xml:26:5-20
MERGED from [com.google.android.gms:play-services-tagmanager-v4-impl:16.0.8] AndroidManifest.xml:22:5-20
MERGED from [com.google.android.gms:play-services-tagmanager-v4-impl:16.0.8] AndroidManifest.xml:22:5-20
MERGED from [com.google.android.gms:play-services-analytics-impl:16.0.8] AndroidManifest.xml:29:5-20
MERGED from [com.google.android.gms:play-services-analytics-impl:16.0.8] AndroidManifest.xml:29:5-20
MERGED from [com.google.android.gms:play-services-identity:16.0.0] AndroidManifest.xml:22:5-20
MERGED from [com.google.android.gms:play-services-identity:16.0.0] AndroidManifest.xml:22:5-20
MERGED from [com.google.firebase:firebase-core:16.0.9] AndroidManifest.xml:7:5-20
MERGED from [com.google.firebase:firebase-core:16.0.9] AndroidManifest.xml:7:5-20
MERGED from [com.google.firebase:firebase-analytics:16.5.0] AndroidManifest.xml:7:5-20
MERGED from [com.google.firebase:firebase-analytics:16.5.0] AndroidManifest.xml:7:5-20
MERGED from [com.google.android.gms:play-services-measurement-api:16.5.0] AndroidManifest.xml:26:5-34:19
MERGED from [com.google.android.gms:play-services-measurement-api:16.5.0] AndroidManifest.xml:26:5-34:19
MERGED from [com.google.firebase:firebase-iid:18.0.0] AndroidManifest.xml:28:5-45:19
MERGED from [com.google.firebase:firebase-iid:18.0.0] AndroidManifest.xml:28:5-45:19
MERGED from [com.google.firebase:firebase-iid-interop:16.0.1] AndroidManifest.xml:7:5-8:19
MERGED from [com.google.firebase:firebase-iid-interop:16.0.1] AndroidManifest.xml:7:5-8:19
MERGED from [com.google.android.gms:play-services-base:16.0.1] AndroidManifest.xml:22:5-27:19
MERGED from [com.google.android.gms:play-services-base:16.0.1] AndroidManifest.xml:22:5-27:19
MERGED from [com.google.android.gms:play-services-places-placereport:16.0.0] AndroidManifest.xml:22:5-20
MERGED from [com.google.android.gms:play-services-places-placereport:16.0.0] AndroidManifest.xml:22:5-20
MERGED from [com.google.firebase:firebase-common:17.0.0] AndroidManifest.xml:11:5-17:19
MERGED from [com.google.firebase:firebase-common:17.0.0] AndroidManifest.xml:11:5-17:19
MERGED from [com.google.android.gms:play-services-tasks:16.0.1] AndroidManifest.xml:7:5-20
MERGED from [com.google.android.gms:play-services-tasks:16.0.1] AndroidManifest.xml:7:5-20
MERGED from [com.google.android.gms:play-services-measurement:16.5.0] AndroidManifest.xml:28:5-53:19
MERGED from [com.google.android.gms:play-services-measurement:16.5.0] AndroidManifest.xml:28:5-53:19
MERGED from [com.google.android.gms:play-services-measurement-sdk:16.5.0] AndroidManifest.xml:22:5-23:19
MERGED from [com.google.android.gms:play-services-measurement-sdk:16.5.0] AndroidManifest.xml:22:5-23:19
MERGED from [com.google.android.gms:play-services-measurement-impl:16.5.0] AndroidManifest.xml:28:5-38:19
MERGED from [com.google.android.gms:play-services-measurement-impl:16.5.0] AndroidManifest.xml:28:5-38:19
MERGED from [com.google.android.gms:play-services-stats:16.0.1] AndroidManifest.xml:7:5-20
MERGED from [com.google.android.gms:play-services-stats:16.0.1] AndroidManifest.xml:7:5-20
MERGED from [com.google.firebase:firebase-measurement-connector:17.0.1] AndroidManifest.xml:22:5-23:19
MERGED from [com.google.firebase:firebase-measurement-connector:17.0.1] AndroidManifest.xml:22:5-23:19
MERGED from [com.google.android.gms:play-services-ads-identifier:16.0.0] AndroidManifest.xml:22:5-20
MERGED from [com.google.android.gms:play-services-ads-identifier:16.0.0] AndroidManifest.xml:22:5-20
MERGED from [com.google.android.gms:play-services-measurement-sdk-api:16.5.0] AndroidManifest.xml:28:5-38:19
MERGED from [com.google.android.gms:play-services-measurement-sdk-api:16.5.0] AndroidManifest.xml:28:5-38:19
MERGED from [com.google.android.gms:play-services-measurement-base:16.5.0] AndroidManifest.xml:7:5-20
MERGED from [com.google.android.gms:play-services-measurement-base:16.5.0] AndroidManifest.xml:7:5-20
MERGED from [com.google.android.gms:play-services-basement:16.2.0] AndroidManifest.xml:22:5-26:19
MERGED from [com.google.android.gms:play-services-basement:16.2.0] AndroidManifest.xml:22:5-26:19
MERGED from [com.facebook.android:facebook-places:5.0.1] AndroidManifest.xml:28:5-29:19
MERGED from [com.facebook.android:facebook-places:5.0.1] AndroidManifest.xml:28:5-29:19
MERGED from [com.facebook.android:facebook-applinks:5.0.1] AndroidManifest.xml:28:5-29:19
MERGED from [com.facebook.android:facebook-applinks:5.0.1] AndroidManifest.xml:28:5-29:19
MERGED from [com.facebook.android:facebook-messenger:5.0.1] AndroidManifest.xml:28:5-29:19
MERGED from [com.facebook.android:facebook-messenger:5.0.1] AndroidManifest.xml:28:5-29:19
MERGED from [com.facebook.android:facebook-core:5.0.1] AndroidManifest.xml:28:5-59:19
MERGED from [com.facebook.android:facebook-core:5.0.1] AndroidManifest.xml:28:5-59:19
MERGED from [com.android.support:support-compat:28.0.0] AndroidManifest.xml:22:5-94
MERGED from [com.android.support:support-compat:28.0.0] AndroidManifest.xml:22:5-94
MERGED from [com.android.support:versionedparcelable:28.0.0] AndroidManifest.xml:22:5-23:19
MERGED from [com.android.support:versionedparcelable:28.0.0] AndroidManifest.xml:22:5-23:19
MERGED from [com.github.bumptech.glide:gifdecoder:4.9.0] AndroidManifest.xml:9:5-20
MERGED from [com.github.bumptech.glide:gifdecoder:4.9.0] AndroidManifest.xml:9:5-20
MERGED from [com.google.android.gms:play-services-ads-base:15.0.1] AndroidManifest.xml:22:5-20
MERGED from [com.google.android.gms:play-services-ads-base:15.0.1] AndroidManifest.xml:22:5-20
MERGED from [com.crashlytics.sdk.android:crashlytics:2.5.5] AndroidManifest.xml:11:5-20
MERGED from [com.crashlytics.sdk.android:crashlytics:2.5.5] AndroidManifest.xml:11:5-20
MERGED from [com.google.maps.android:android-maps-utils:0.5] AndroidManifest.xml:7:5-11:19
MERGED from [com.google.maps.android:android-maps-utils:0.5] AndroidManifest.xml:7:5-11:19
MERGED from [com.crashlytics.sdk.android:crashlytics-core:2.3.8] AndroidManifest.xml:11:5-20
MERGED from [com.crashlytics.sdk.android:crashlytics-core:2.3.8] AndroidManifest.xml:11:5-20
MERGED from [com.crashlytics.sdk.android:answers:1.3.6] AndroidManifest.xml:11:5-20
MERGED from [com.crashlytics.sdk.android:answers:1.3.6] AndroidManifest.xml:11:5-20
MERGED from [io.fabric.sdk.android:fabric:1.3.10] AndroidManifest.xml:27:5-20
MERGED from [io.fabric.sdk.android:fabric:1.3.10] AndroidManifest.xml:27:5-20
MERGED from [com.crashlytics.sdk.android:beta:1.1.4] AndroidManifest.xml:11:5-20
MERGED from [com.crashlytics.sdk.android:beta:1.1.4] AndroidManifest.xml:11:5-20
	android:appComponentFactory
		ADDED from [com.android.support:support-compat:28.0.0] AndroidManifest.xml:22:18-91
	android:supportsRtl
		ADDED from [com.facebook.android:facebook-android-sdk:5.0.1] AndroidManifest.xml:28:18-44
	android:label
		ADDED from src\main\AndroidManifest.xml:10:9-41
	android:largeHeap
		ADDED from src\main\AndroidManifest.xml:11:9-33
	android:icon
		ADDED from src\main\AndroidManifest.xml:9:9-43
	android:allowBackup
		ADDED from src\main\AndroidManifest.xml:8:9-35
	android:usesCleartextTraffic
		ADDED from src\main\AndroidManifest.xml:12:9-44
	android:name
		ADDED from src\main\AndroidManifest.xml:7:9-40
activity#host.exp.exponent.LauncherActivity
ADDED from src\main\AndroidManifest.xml:14:9-18:84
	android:launchMode
		ADDED from src\main\AndroidManifest.xml:17:13-44
	android:exported
		ADDED from src\main\AndroidManifest.xml:16:13-36
	android:theme
		ADDED from src\main\AndroidManifest.xml:18:13-72
	android:name
		ADDED from src\main\AndroidManifest.xml:15:13-45
activity#host.exp.exponent.experience.ExperienceActivity
ADDED from src\main\AndroidManifest.xml:20:9-24:67
	android:windowSoftInputMode
		ADDED from src\main\AndroidManifest.xml:24:13-55
	android:configChanges
		ADDED from src\main\AndroidManifest.xml:22:13-83
	android:theme
		ADDED from src\main\AndroidManifest.xml:23:13-56
	android:name
		ADDED from src\main\AndroidManifest.xml:21:13-58
activity#host.exp.exponent.MainActivity
ADDED from src\main\AndroidManifest.xml:26:9-46:20
	android:launchMode
		ADDED from src\main\AndroidManifest.xml:29:13-44
	android:windowSoftInputMode
		ADDED from src\main\AndroidManifest.xml:31:13-55
	android:configChanges
		ADDED from src\main\AndroidManifest.xml:28:13-83
	android:theme
		ADDED from src\main\AndroidManifest.xml:30:13-57
	android:name
		ADDED from src\main\AndroidManifest.xml:27:13-41
intent-filter#action:name:android.intent.action.VIEW+category:name:android.intent.category.BROWSABLE+category:name:android.intent.category.DEFAULT+data:scheme:exp740a545d376f47519a3aa6091adf59ba
ADDED from src\main\AndroidManifest.xml:32:13-39:29
action#android.intent.action.VIEW
ADDED from src\main\AndroidManifest.xml:33:17-69
	android:name
		ADDED from src\main\AndroidManifest.xml:33:25-66
category#android.intent.category.DEFAULT
ADDED from src\main\AndroidManifest.xml:35:17-76
	android:name
		ADDED from src\main\AndroidManifest.xml:35:27-73
category#android.intent.category.BROWSABLE
ADDED from src\main\AndroidManifest.xml:37:17-78
	android:name
		ADDED from src\main\AndroidManifest.xml:37:27-75
data
ADDED from src\main\AndroidManifest.xml:38:17-78
	android:path
		ADDED from src\main\AndroidManifest.xml:107:21-49
	android:scheme
		ADDED from src\main\AndroidManifest.xml:38:23-75
intent-filter#action:name:android.intent.action.MAIN+category:name:android.intent.category.LAUNCHER
ADDED from src\main\AndroidManifest.xml:40:13-44:29
action#android.intent.action.MAIN
ADDED from src\main\AndroidManifest.xml:41:17-69
	android:name
		ADDED from src\main\AndroidManifest.xml:41:25-66
category#android.intent.category.LAUNCHER
ADDED from src\main\AndroidManifest.xml:43:17-77
	android:name
		ADDED from src\main\AndroidManifest.xml:43:27-74
activity#host.exp.exponent.experience.HomeActivity
ADDED from src\main\AndroidManifest.xml:48:9-53:68
	android:screenOrientation
		ADDED from src\main\AndroidManifest.xml:52:13-49
	android:label
		ADDED from src\main\AndroidManifest.xml:50:13-45
	android:launchMode
		ADDED from src\main\AndroidManifest.xml:51:13-44
	android:theme
		ADDED from src\main\AndroidManifest.xml:53:13-56
	android:name
		ADDED from src\main\AndroidManifest.xml:49:13-52
activity#host.exp.exponent.experience.TvActivity
ADDED from src\main\AndroidManifest.xml:55:9-64:20
	android:screenOrientation
		ADDED from src\main\AndroidManifest.xml:58:13-50
	android:label
		ADDED from src\main\AndroidManifest.xml:57:13-45
	android:theme
		ADDED from src\main\AndroidManifest.xml:59:13-56
	android:name
		ADDED from src\main\AndroidManifest.xml:56:13-50
intent-filter#action:name:android.intent.action.MAIN+category:name:android.intent.category.LEANBACK_LAUNCHER
ADDED from src\main\AndroidManifest.xml:60:13-63:29
category#android.intent.category.LEANBACK_LAUNCHER
ADDED from src\main\AndroidManifest.xml:62:17-86
	android:name
		ADDED from src\main\AndroidManifest.xml:62:27-83
activity#com.facebook.react.devsupport.DevSettingsActivity
ADDED from src\main\AndroidManifest.xml:67:9-86
	android:name
		ADDED from src\main\AndroidManifest.xml:67:19-83
activity#abi34_0_0.com.facebook.react.devsupport.DevSettingsActivity
ADDED from src\main\AndroidManifest.xml:71:9-96
	android:name
		ADDED from src\main\AndroidManifest.xml:71:19-93
activity#abi33_0_0.com.facebook.react.devsupport.DevSettingsActivity
ADDED from src\main\AndroidManifest.xml:74:9-96
	android:name
		ADDED from src\main\AndroidManifest.xml:74:19-93
activity#abi32_0_0.com.facebook.react.devsupport.DevSettingsActivity
ADDED from src\main\AndroidManifest.xml:77:9-96
	android:name
		ADDED from src\main\AndroidManifest.xml:77:19-93
activity#abi31_0_0.com.facebook.react.devsupport.DevSettingsActivity
ADDED from src\main\AndroidManifest.xml:80:9-96
	android:name
		ADDED from src\main\AndroidManifest.xml:80:19-93
activity#host.exp.exponent.ExponentDevActivity
ADDED from src\main\AndroidManifest.xml:84:9-90:64
	android:screenOrientation
		ADDED from src\main\AndroidManifest.xml:88:13-49
	android:label
		ADDED from src\main\AndroidManifest.xml:87:13-54
	android:windowSoftInputMode
		ADDED from src\main\AndroidManifest.xml:90:13-52
	android:exported
		ADDED from src\main\AndroidManifest.xml:86:13-36
	android:theme
		ADDED from src\main\AndroidManifest.xml:89:13-55
	android:name
		ADDED from src\main\AndroidManifest.xml:85:13-48
activity#host.exp.exponent.oauth.OAuthWebViewActivity
ADDED from src\main\AndroidManifest.xml:92:9-95:68